#
# There is insufficient memory for the Java Runtime Environment to continue.
# Native memory allocation (mmap) failed to map 65536 bytes for Failed to commit metaspace.
# Possible reasons:
#   The system is out of physical RAM or swap space
#   The process is running with CompressedOops enabled, and the Java Heap may be blocking the growth of the native heap
# Possible solutions:
#   Reduce memory load on the system
#   Increase physical memory or swap space
#   Check if swap backing store is full
#   Decrease Java heap size (-Xmx/-Xms)
#   Decrease number of Java threads
#   Decrease Java thread stack sizes (-Xss)
#   Set larger code cache with -XX:ReservedCodeCacheSize=
#   JVM is running with Unscaled Compressed Oops mode in which the Java heap is
#     placed in the first 4GB address space. The Java Heap base address is the
#     maximum limit for the native heap growth. Please use -XX:HeapBaseMinAddress
#     to set the Java Heap base and to place the Java Heap above 4GB virtual address.
# This output file may be truncated or incomplete.
#
#  Out of Memory Error (virtualSpaceNode.cpp:110), pid=16280, tid=11360
#
# JRE version: OpenJDK Runtime Environment JBR-17.0.8+7-1000.8-jcef (17.0.8+7) (build 17.0.8+7-b1000.8)
# Java VM: OpenJDK 64-Bit Server VM JBR-17.0.8+7-1000.8-jcef (17.0.8+7-b1000.8, mixed mode, tiered, compressed oops, compressed class ptrs, g1 gc, windows-amd64)
# No core dump will be written. Minidumps are not enabled by default on client versions of Windows
#

---------------  S U M M A R Y ------------

Command Line: -Djava.rmi.server.hostname=127.0.0.1 -Duser.timezone=UTC -Xmx2048m -Xms128m -Djna.boot.library.path=C:\Program Files\JetBrains\IntelliJ IDEA 2023.2.1/lib/jna/amd64 -Djna.nosys=true -Djna.noclasspath=true -Djdbc.classpath=C:\Program Files\JetBrains\IntelliJ IDEA 2023.2.1\plugins\DatabaseTools\lib\jdbc-console.jar;C:\Users\Mihai\AppData\Roaming\JetBrains\IntelliJIdea2023.2\jdbc-drivers\MySQL ConnectorJ\8.0.25\mysql-connector-java-8.0.25.jar --add-exports=java.desktop/sun.awt=ALL-UNNAMED --add-exports=java.desktop/java.awt.peer=ALL-UNNAMED --add-opens=java.desktop/java.awt=ALL-UNNAMED --add-opens=jdk.unsupported/sun.misc=ALL-UNNAMED --add-opens=java.base/java.nio=ALL-UNNAMED --add-opens=java.base/java.util=ALL-UNNAMED -Dfile.encoding=UTF-8 com.intellij.database.remote.RemoteJdbcServer com.mysql.cj.jdbc.Driver

Host: AMD Ryzen 7 5800HS with Radeon Graphics         , 16 cores, 7G,  Windows 10 , 64 bit Build 19041 (10.0.19041.3636)
Time: Mon Mar  4 17:20:18 2024 GTB Standard Time elapsed time: 0.299592 seconds (0d 0h 0m 0s)

---------------  T H R E A D  ---------------

Current thread (0x000002529e23bfe0):  JavaThread "main" [_thread_in_vm, id=11360, stack(0x000000f5e5f00000,0x000000f5e6000000)]

Stack: [0x000000f5e5f00000,0x000000f5e6000000]
Native frames: (J=compiled Java code, j=interpreted, Vv=VM code, C=native code)
V  [jvm.dll+0x6852da]
V  [jvm.dll+0x844c84]
V  [jvm.dll+0x84659e]
V  [jvm.dll+0x846c03]
V  [jvm.dll+0x24b7cf]
V  [jvm.dll+0x84003b]
V  [jvm.dll+0x6296c6]
V  [jvm.dll+0x62972a]
V  [jvm.dll+0x62bf4a]
V  [jvm.dll+0x62a066]
V  [jvm.dll+0x240a86]
V  [jvm.dll+0x1ef8dd]
V  [jvm.dll+0x1e529c]
V  [jvm.dll+0x54b27d]
V  [jvm.dll+0x1f5ccb]
V  [jvm.dll+0x7be1db]
V  [jvm.dll+0x7bf622]
V  [jvm.dll+0x7bf958]
V  [jvm.dll+0x24345e]
V  [jvm.dll+0x386efe]
C  0x00000252aae1b5a5

Java frames: (J=compiled Java code, j=interpreted, Vv=VM code)
j  sun.rmi.runtime.RuntimeUtil.<init>()V+5 java.rmi@17.0.8
j  sun.rmi.runtime.RuntimeUtil.<clinit>()V+43 java.rmi@17.0.8
v  ~StubRoutines::call_stub
j  sun.rmi.runtime.RuntimeUtil$GetInstanceAction.run()Lsun/rmi/runtime/RuntimeUtil;+0 java.rmi@17.0.8
j  sun.rmi.runtime.RuntimeUtil$GetInstanceAction.run()Ljava/lang/Object;+1 java.rmi@17.0.8
j  java.security.AccessController.executePrivileged(Ljava/security/PrivilegedAction;Ljava/security/AccessControlContext;Ljava/lang/Class;)Ljava/lang/Object;+29 java.base@17.0.8
j  java.security.AccessController.doPrivileged(Ljava/security/PrivilegedAction;)Ljava/lang/Object;+5 java.base@17.0.8
j  sun.rmi.transport.DGCImpl.<clinit>()V+67 java.rmi@17.0.8
v  ~StubRoutines::call_stub
j  sun.rmi.transport.WeakRef.pin()V+15 java.rmi@17.0.8
j  sun.rmi.transport.Target.pinImpl()V+4 java.rmi@17.0.8
j  sun.rmi.transport.Target.<init>(Ljava/rmi/Remote;Lsun/rmi/server/Dispatcher;Ljava/rmi/Remote;Ljava/rmi/server/ObjID;Z)V+134 java.rmi@17.0.8
j  sun.rmi.server.UnicastServerRef.exportObject(Ljava/rmi/Remote;Ljava/lang/Object;Z)Ljava/rmi/Remote;+67 java.rmi@17.0.8
j  sun.rmi.registry.RegistryImpl.setup(Lsun/rmi/server/UnicastServerRef;)V+9 java.rmi@17.0.8
j  sun.rmi.registry.RegistryImpl.<init>(I)V+104 java.rmi@17.0.8
j  java.rmi.registry.LocateRegistry.createRegistry(I)Ljava/rmi/registry/Registry;+5 java.rmi@17.0.8
j  com.intellij.execution.rmi.RemoteServer.start(Ljava/rmi/Remote;ZZ)V+90
j  com.intellij.execution.rmi.RemoteServer.start(Ljava/rmi/Remote;)V+3
j  com.intellij.database.remote.RemoteJdbcServerBase.start(Ljava/rmi/Remote;)V+1
j  com.intellij.database.remote.RemoteJdbcServer.start(Ljava/rmi/Remote;)V+12
j  com.intellij.database.remote.RemoteJdbcServer.main([Ljava/lang/String;)V+4
v  ~StubRoutines::call_stub

---------------  P R O C E S S  ---------------

Threads class SMR info:
_java_thread_list=0x00000252bb61fbd0, length=17, elements={
0x000002529e23bfe0, 0x00000252bb062260, 0x00000252bb067000, 0x00000252bb06caa0,
0x00000252bb06d470, 0x00000252bb09c420, 0x00000252bb09ccf0, 0x00000252bb09d9a0,
0x00000252bb09e360, 0x00000252bb0ac190, 0x00000252bb256410, 0x00000252bb23c090,
0x00000252bb274620, 0x000002529e23cc50, 0x00000252bb3bce30, 0x00000252bb68a870,
0x00000252bb68ad90
}

Java Threads: ( => current thread )
=>0x000002529e23bfe0 JavaThread "main" [_thread_in_vm, id=11360, stack(0x000000f5e5f00000,0x000000f5e6000000)]
  0x00000252bb062260 JavaThread "Reference Handler" daemon [_thread_blocked, id=3060, stack(0x000000f5e6600000,0x000000f5e6700000)]
  0x00000252bb067000 JavaThread "Finalizer" daemon [_thread_blocked, id=11428, stack(0x000000f5e6700000,0x000000f5e6800000)]
  0x00000252bb06caa0 JavaThread "Signal Dispatcher" daemon [_thread_blocked, id=3016, stack(0x000000f5e6800000,0x000000f5e6900000)]
  0x00000252bb06d470 JavaThread "Attach Listener" daemon [_thread_blocked, id=17324, stack(0x000000f5e6900000,0x000000f5e6a00000)]
  0x00000252bb09c420 JavaThread "Service Thread" daemon [_thread_blocked, id=15164, stack(0x000000f5e6a00000,0x000000f5e6b00000)]
  0x00000252bb09ccf0 JavaThread "Monitor Deflation Thread" daemon [_thread_blocked, id=2916, stack(0x000000f5e6b00000,0x000000f5e6c00000)]
  0x00000252bb09d9a0 JavaThread "C2 CompilerThread0" daemon [_thread_blocked, id=13080, stack(0x000000f5e6c00000,0x000000f5e6d00000)]
  0x00000252bb09e360 JavaThread "C1 CompilerThread0" daemon [_thread_blocked, id=6080, stack(0x000000f5e6d00000,0x000000f5e6e00000)]
  0x00000252bb0ac190 JavaThread "Sweeper thread" daemon [_thread_blocked, id=3328, stack(0x000000f5e6e00000,0x000000f5e6f00000)]
  0x00000252bb256410 JavaThread "Common-Cleaner" daemon [_thread_blocked, id=12296, stack(0x000000f5e6f00000,0x000000f5e7000000)]
  0x00000252bb23c090 JavaThread "Notification Thread" daemon [_thread_blocked, id=11044, stack(0x000000f5e7000000,0x000000f5e7100000)]
  0x00000252bb274620 JavaThread "C1 CompilerThread1" daemon [_thread_blocked, id=4512, stack(0x000000f5e7200000,0x000000f5e7300000)]
  0x000002529e23cc50 JavaThread "C2 CompilerThread1" daemon [_thread_blocked, id=18356, stack(0x000000f5e7300000,0x000000f5e7400000)]
  0x00000252bb3bce30 JavaThread "mysql-cj-abandoned-connection-cleanup" daemon [_thread_blocked, id=16440, stack(0x000000f5e7400000,0x000000f5e7500000)]
  0x00000252bb68a870 JavaThread "C1 CompilerThread2" daemon [_thread_blocked, id=11924, stack(0x000000f5e7500000,0x000000f5e7600000)]
  0x00000252bb68ad90 JavaThread "C1 CompilerThread3" daemon [_thread_blocked, id=19952, stack(0x000000f5e7600000,0x000000f5e7700000)]

Other Threads:
  0x00000252ba66eb30 VMThread "VM Thread" [stack: 0x000000f5e6500000,0x000000f5e6600000] [id=18376]
  0x00000252bb226160 WatcherThread [stack: 0x000000f5e7100000,0x000000f5e7200000] [id=6068]
  0x00000252a02a09a0 GCTaskThread "GC Thread#0" [stack: 0x000000f5e6000000,0x000000f5e6100000] [id=12708]
  0x00000252a02b1800 ConcurrentGCThread "G1 Main Marker" [stack: 0x000000f5e6100000,0x000000f5e6200000] [id=11776]
  0x00000252a02b3140 ConcurrentGCThread "G1 Conc#0" [stack: 0x000000f5e6200000,0x000000f5e6300000] [id=13132]
  0x00000252ba4e5fe0 ConcurrentGCThread "G1 Refine#0" [stack: 0x000000f5e6300000,0x000000f5e6400000] [id=4872]
  0x00000252ba4e6920 ConcurrentGCThread "G1 Service" [stack: 0x000000f5e6400000,0x000000f5e6500000] [id=2260]

Threads with active compile tasks:

VM state: not at safepoint (normal execution)

VM Mutex/Monitor currently owned by a thread:  ([mutex/lock_event])
[0x000002529e1ceb70] Metaspace_lock - owner thread: 0x000002529e23bfe0

Heap address: 0x0000000080000000, size: 2048 MB, Compressed Oops mode: 32-bit

CDS archive(s) not mapped
Compressed class space mapped at: 0x0000000100000000-0x0000000140000000, reserved size: 1073741824
Narrow klass base: 0x0000000000000000, Narrow klass shift: 3, Narrow klass range: 0x140000000

GC Precious Log:
 CPUs: 16 total, 16 available
 Memory: 7583M
 Large Page Support: Disabled
 NUMA Support: Disabled
 Compressed Oops: Enabled (32-bit)
 Heap Region Size: 1M
 Heap Min Capacity: 128M
 Heap Initial Capacity: 128M
 Heap Max Capacity: 2G
 Pre-touch: Disabled
 Parallel Workers: 13
 Concurrent Workers: 3
 Concurrent Refinement Workers: 13
 Periodic GC: Disabled

Heap:
 garbage-first heap   total 131072K, used 9216K [0x0000000080000000, 0x0000000100000000)
  region size 1024K, 7 young (7168K), 0 survivors (0K)
 Metaspace       used 9901K, committed 10048K, reserved 1114112K
  class space    used 974K, committed 1024K, reserved 1048576K

Heap Regions: E=young(eden), S=young(survivor), O=old, HS=humongous(starts), HC=humongous(continues), CS=collection set, F=free, OA=open archive, CA=closed archive, TAMS=top-at-mark-start (previous, next)
|   0|0x0000000080000000, 0x0000000080100000, 0x0000000080100000|100%|HS|  |TAMS 0x0000000080000000, 0x0000000080000000| Complete 
|   1|0x0000000080100000, 0x0000000080200000, 0x0000000080200000|100%|HC|  |TAMS 0x0000000080100000, 0x0000000080100000| Complete 
|   2|0x0000000080200000, 0x0000000080300000, 0x0000000080300000|100%|HC|  |TAMS 0x0000000080200000, 0x0000000080200000| Complete 
|   3|0x0000000080300000, 0x0000000080400000, 0x0000000080400000|100%|HS|  |TAMS 0x0000000080300000, 0x0000000080300000| Complete 
|   4|0x0000000080400000, 0x0000000080400000, 0x0000000080500000|  0%| F|  |TAMS 0x0000000080400000, 0x0000000080400000| Untracked 
|   5|0x0000000080500000, 0x0000000080500000, 0x0000000080600000|  0%| F|  |TAMS 0x0000000080500000, 0x0000000080500000| Untracked 
|   6|0x0000000080600000, 0x0000000080600000, 0x0000000080700000|  0%| F|  |TAMS 0x0000000080600000, 0x0000000080600000| Untracked 
|   7|0x0000000080700000, 0x0000000080700000, 0x0000000080800000|  0%| F|  |TAMS 0x0000000080700000, 0x0000000080700000| Untracked 
|   8|0x0000000080800000, 0x0000000080800000, 0x0000000080900000|  0%| F|  |TAMS 0x0000000080800000, 0x0000000080800000| Untracked 
|   9|0x0000000080900000, 0x0000000080900000, 0x0000000080a00000|  0%| F|  |TAMS 0x0000000080900000, 0x0000000080900000| Untracked 
|  10|0x0000000080a00000, 0x0000000080a00000, 0x0000000080b00000|  0%| F|  |TAMS 0x0000000080a00000, 0x0000000080a00000| Untracked 
|  11|0x0000000080b00000, 0x0000000080b00000, 0x0000000080c00000|  0%| F|  |TAMS 0x0000000080b00000, 0x0000000080b00000| Untracked 
|  12|0x0000000080c00000, 0x0000000080c00000, 0x0000000080d00000|  0%| F|  |TAMS 0x0000000080c00000, 0x0000000080c00000| Untracked 
|  13|0x0000000080d00000, 0x0000000080d00000, 0x0000000080e00000|  0%| F|  |TAMS 0x0000000080d00000, 0x0000000080d00000| Untracked 
|  14|0x0000000080e00000, 0x0000000080e00000, 0x0000000080f00000|  0%| F|  |TAMS 0x0000000080e00000, 0x0000000080e00000| Untracked 
|  15|0x0000000080f00000, 0x0000000080f00000, 0x0000000081000000|  0%| F|  |TAMS 0x0000000080f00000, 0x0000000080f00000| Untracked 
|  16|0x0000000081000000, 0x0000000081000000, 0x0000000081100000|  0%| F|  |TAMS 0x0000000081000000, 0x0000000081000000| Untracked 
|  17|0x0000000081100000, 0x0000000081100000, 0x0000000081200000|  0%| F|  |TAMS 0x0000000081100000, 0x0000000081100000| Untracked 
|  18|0x0000000081200000, 0x0000000081200000, 0x0000000081300000|  0%| F|  |TAMS 0x0000000081200000, 0x0000000081200000| Untracked 
|  19|0x0000000081300000, 0x0000000081300000, 0x0000000081400000|  0%| F|  |TAMS 0x0000000081300000, 0x0000000081300000| Untracked 
|  20|0x0000000081400000, 0x0000000081400000, 0x0000000081500000|  0%| F|  |TAMS 0x0000000081400000, 0x0000000081400000| Untracked 
|  21|0x0000000081500000, 0x0000000081500000, 0x0000000081600000|  0%| F|  |TAMS 0x0000000081500000, 0x0000000081500000| Untracked 
|  22|0x0000000081600000, 0x0000000081600000, 0x0000000081700000|  0%| F|  |TAMS 0x0000000081600000, 0x0000000081600000| Untracked 
|  23|0x0000000081700000, 0x0000000081700000, 0x0000000081800000|  0%| F|  |TAMS 0x0000000081700000, 0x0000000081700000| Untracked 
|  24|0x0000000081800000, 0x0000000081800000, 0x0000000081900000|  0%| F|  |TAMS 0x0000000081800000, 0x0000000081800000| Untracked 
|  25|0x0000000081900000, 0x0000000081900000, 0x0000000081a00000|  0%| F|  |TAMS 0x0000000081900000, 0x0000000081900000| Untracked 
|  26|0x0000000081a00000, 0x0000000081a00000, 0x0000000081b00000|  0%| F|  |TAMS 0x0000000081a00000, 0x0000000081a00000| Untracked 
|  27|0x0000000081b00000, 0x0000000081b00000, 0x0000000081c00000|  0%| F|  |TAMS 0x0000000081b00000, 0x0000000081b00000| Untracked 
|  28|0x0000000081c00000, 0x0000000081c00000, 0x0000000081d00000|  0%| F|  |TAMS 0x0000000081c00000, 0x0000000081c00000| Untracked 
|  29|0x0000000081d00000, 0x0000000081d00000, 0x0000000081e00000|  0%| F|  |TAMS 0x0000000081d00000, 0x0000000081d00000| Untracked 
|  30|0x0000000081e00000, 0x0000000081e00000, 0x0000000081f00000|  0%| F|  |TAMS 0x0000000081e00000, 0x0000000081e00000| Untracked 
|  31|0x0000000081f00000, 0x0000000081f00000, 0x0000000082000000|  0%| F|  |TAMS 0x0000000081f00000, 0x0000000081f00000| Untracked 
|  32|0x0000000082000000, 0x0000000082000000, 0x0000000082100000|  0%| F|  |TAMS 0x0000000082000000, 0x0000000082000000| Untracked 
|  33|0x0000000082100000, 0x0000000082100000, 0x0000000082200000|  0%| F|  |TAMS 0x0000000082100000, 0x0000000082100000| Untracked 
|  34|0x0000000082200000, 0x0000000082200000, 0x0000000082300000|  0%| F|  |TAMS 0x0000000082200000, 0x0000000082200000| Untracked 
|  35|0x0000000082300000, 0x0000000082300000, 0x0000000082400000|  0%| F|  |TAMS 0x0000000082300000, 0x0000000082300000| Untracked 
|  36|0x0000000082400000, 0x0000000082400000, 0x0000000082500000|  0%| F|  |TAMS 0x0000000082400000, 0x0000000082400000| Untracked 
|  37|0x0000000082500000, 0x0000000082500000, 0x0000000082600000|  0%| F|  |TAMS 0x0000000082500000, 0x0000000082500000| Untracked 
|  38|0x0000000082600000, 0x0000000082600000, 0x0000000082700000|  0%| F|  |TAMS 0x0000000082600000, 0x0000000082600000| Untracked 
|  39|0x0000000082700000, 0x0000000082700000, 0x0000000082800000|  0%| F|  |TAMS 0x0000000082700000, 0x0000000082700000| Untracked 
|  40|0x0000000082800000, 0x0000000082800000, 0x0000000082900000|  0%| F|  |TAMS 0x0000000082800000, 0x0000000082800000| Untracked 
|  41|0x0000000082900000, 0x0000000082900000, 0x0000000082a00000|  0%| F|  |TAMS 0x0000000082900000, 0x0000000082900000| Untracked 
|  42|0x0000000082a00000, 0x0000000082a00000, 0x0000000082b00000|  0%| F|  |TAMS 0x0000000082a00000, 0x0000000082a00000| Untracked 
|  43|0x0000000082b00000, 0x0000000082b00000, 0x0000000082c00000|  0%| F|  |TAMS 0x0000000082b00000, 0x0000000082b00000| Untracked 
|  44|0x0000000082c00000, 0x0000000082c00000, 0x0000000082d00000|  0%| F|  |TAMS 0x0000000082c00000, 0x0000000082c00000| Untracked 
|  45|0x0000000082d00000, 0x0000000082d00000, 0x0000000082e00000|  0%| F|  |TAMS 0x0000000082d00000, 0x0000000082d00000| Untracked 
|  46|0x0000000082e00000, 0x0000000082e00000, 0x0000000082f00000|  0%| F|  |TAMS 0x0000000082e00000, 0x0000000082e00000| Untracked 
|  47|0x0000000082f00000, 0x0000000082f00000, 0x0000000083000000|  0%| F|  |TAMS 0x0000000082f00000, 0x0000000082f00000| Untracked 
|  48|0x0000000083000000, 0x0000000083000000, 0x0000000083100000|  0%| F|  |TAMS 0x0000000083000000, 0x0000000083000000| Untracked 
|  49|0x0000000083100000, 0x0000000083100000, 0x0000000083200000|  0%| F|  |TAMS 0x0000000083100000, 0x0000000083100000| Untracked 
|  50|0x0000000083200000, 0x0000000083200000, 0x0000000083300000|  0%| F|  |TAMS 0x0000000083200000, 0x0000000083200000| Untracked 
|  51|0x0000000083300000, 0x0000000083300000, 0x0000000083400000|  0%| F|  |TAMS 0x0000000083300000, 0x0000000083300000| Untracked 
|  52|0x0000000083400000, 0x0000000083400000, 0x0000000083500000|  0%| F|  |TAMS 0x0000000083400000, 0x0000000083400000| Untracked 
|  53|0x0000000083500000, 0x0000000083500000, 0x0000000083600000|  0%| F|  |TAMS 0x0000000083500000, 0x0000000083500000| Untracked 
|  54|0x0000000083600000, 0x0000000083600000, 0x0000000083700000|  0%| F|  |TAMS 0x0000000083600000, 0x0000000083600000| Untracked 
|  55|0x0000000083700000, 0x0000000083700000, 0x0000000083800000|  0%| F|  |TAMS 0x0000000083700000, 0x0000000083700000| Untracked 
|  56|0x0000000083800000, 0x0000000083800000, 0x0000000083900000|  0%| F|  |TAMS 0x0000000083800000, 0x0000000083800000| Untracked 
|  57|0x0000000083900000, 0x0000000083900000, 0x0000000083a00000|  0%| F|  |TAMS 0x0000000083900000, 0x0000000083900000| Untracked 
|  58|0x0000000083a00000, 0x0000000083a00000, 0x0000000083b00000|  0%| F|  |TAMS 0x0000000083a00000, 0x0000000083a00000| Untracked 
|  59|0x0000000083b00000, 0x0000000083b00000, 0x0000000083c00000|  0%| F|  |TAMS 0x0000000083b00000, 0x0000000083b00000| Untracked 
|  60|0x0000000083c00000, 0x0000000083c00000, 0x0000000083d00000|  0%| F|  |TAMS 0x0000000083c00000, 0x0000000083c00000| Untracked 
|  61|0x0000000083d00000, 0x0000000083d00000, 0x0000000083e00000|  0%| F|  |TAMS 0x0000000083d00000, 0x0000000083d00000| Untracked 
|  62|0x0000000083e00000, 0x0000000083e00000, 0x0000000083f00000|  0%| F|  |TAMS 0x0000000083e00000, 0x0000000083e00000| Untracked 
|  63|0x0000000083f00000, 0x0000000083f00000, 0x0000000084000000|  0%| F|  |TAMS 0x0000000083f00000, 0x0000000083f00000| Untracked 
|  64|0x0000000084000000, 0x0000000084000000, 0x0000000084100000|  0%| F|  |TAMS 0x0000000084000000, 0x0000000084000000| Untracked 
|  65|0x0000000084100000, 0x0000000084100000, 0x0000000084200000|  0%| F|  |TAMS 0x0000000084100000, 0x0000000084100000| Untracked 
|  66|0x0000000084200000, 0x0000000084200000, 0x0000000084300000|  0%| F|  |TAMS 0x0000000084200000, 0x0000000084200000| Untracked 
|  67|0x0000000084300000, 0x0000000084300000, 0x0000000084400000|  0%| F|  |TAMS 0x0000000084300000, 0x0000000084300000| Untracked 
|  68|0x0000000084400000, 0x0000000084400000, 0x0000000084500000|  0%| F|  |TAMS 0x0000000084400000, 0x0000000084400000| Untracked 
|  69|0x0000000084500000, 0x0000000084500000, 0x0000000084600000|  0%| F|  |TAMS 0x0000000084500000, 0x0000000084500000| Untracked 
|  70|0x0000000084600000, 0x0000000084600000, 0x0000000084700000|  0%| F|  |TAMS 0x0000000084600000, 0x0000000084600000| Untracked 
|  71|0x0000000084700000, 0x0000000084700000, 0x0000000084800000|  0%| F|  |TAMS 0x0000000084700000, 0x0000000084700000| Untracked 
|  72|0x0000000084800000, 0x0000000084800000, 0x0000000084900000|  0%| F|  |TAMS 0x0000000084800000, 0x0000000084800000| Untracked 
|  73|0x0000000084900000, 0x0000000084900000, 0x0000000084a00000|  0%| F|  |TAMS 0x0000000084900000, 0x0000000084900000| Untracked 
|  74|0x0000000084a00000, 0x0000000084a00000, 0x0000000084b00000|  0%| F|  |TAMS 0x0000000084a00000, 0x0000000084a00000| Untracked 
|  75|0x0000000084b00000, 0x0000000084b00000, 0x0000000084c00000|  0%| F|  |TAMS 0x0000000084b00000, 0x0000000084b00000| Untracked 
|  76|0x0000000084c00000, 0x0000000084c00000, 0x0000000084d00000|  0%| F|  |TAMS 0x0000000084c00000, 0x0000000084c00000| Untracked 
|  77|0x0000000084d00000, 0x0000000084d00000, 0x0000000084e00000|  0%| F|  |TAMS 0x0000000084d00000, 0x0000000084d00000| Untracked 
|  78|0x0000000084e00000, 0x0000000084e00000, 0x0000000084f00000|  0%| F|  |TAMS 0x0000000084e00000, 0x0000000084e00000| Untracked 
|  79|0x0000000084f00000, 0x0000000084f00000, 0x0000000085000000|  0%| F|  |TAMS 0x0000000084f00000, 0x0000000084f00000| Untracked 
|  80|0x0000000085000000, 0x0000000085000000, 0x0000000085100000|  0%| F|  |TAMS 0x0000000085000000, 0x0000000085000000| Untracked 
|  81|0x0000000085100000, 0x0000000085100000, 0x0000000085200000|  0%| F|  |TAMS 0x0000000085100000, 0x0000000085100000| Untracked 
|  82|0x0000000085200000, 0x0000000085200000, 0x0000000085300000|  0%| F|  |TAMS 0x0000000085200000, 0x0000000085200000| Untracked 
|  83|0x0000000085300000, 0x0000000085300000, 0x0000000085400000|  0%| F|  |TAMS 0x0000000085300000, 0x0000000085300000| Untracked 
|  84|0x0000000085400000, 0x0000000085400000, 0x0000000085500000|  0%| F|  |TAMS 0x0000000085400000, 0x0000000085400000| Untracked 
|  85|0x0000000085500000, 0x0000000085500000, 0x0000000085600000|  0%| F|  |TAMS 0x0000000085500000, 0x0000000085500000| Untracked 
|  86|0x0000000085600000, 0x0000000085600000, 0x0000000085700000|  0%| F|  |TAMS 0x0000000085600000, 0x0000000085600000| Untracked 
|  87|0x0000000085700000, 0x0000000085700000, 0x0000000085800000|  0%| F|  |TAMS 0x0000000085700000, 0x0000000085700000| Untracked 
|  88|0x0000000085800000, 0x0000000085800000, 0x0000000085900000|  0%| F|  |TAMS 0x0000000085800000, 0x0000000085800000| Untracked 
|  89|0x0000000085900000, 0x0000000085900000, 0x0000000085a00000|  0%| F|  |TAMS 0x0000000085900000, 0x0000000085900000| Untracked 
|  90|0x0000000085a00000, 0x0000000085a00000, 0x0000000085b00000|  0%| F|  |TAMS 0x0000000085a00000, 0x0000000085a00000| Untracked 
|  91|0x0000000085b00000, 0x0000000085b00000, 0x0000000085c00000|  0%| F|  |TAMS 0x0000000085b00000, 0x0000000085b00000| Untracked 
|  92|0x0000000085c00000, 0x0000000085c00000, 0x0000000085d00000|  0%| F|  |TAMS 0x0000000085c00000, 0x0000000085c00000| Untracked 
|  93|0x0000000085d00000, 0x0000000085d00000, 0x0000000085e00000|  0%| F|  |TAMS 0x0000000085d00000, 0x0000000085d00000| Untracked 
|  94|0x0000000085e00000, 0x0000000085e00000, 0x0000000085f00000|  0%| F|  |TAMS 0x0000000085e00000, 0x0000000085e00000| Untracked 
|  95|0x0000000085f00000, 0x0000000085f00000, 0x0000000086000000|  0%| F|  |TAMS 0x0000000085f00000, 0x0000000085f00000| Untracked 
|  96|0x0000000086000000, 0x0000000086000000, 0x0000000086100000|  0%| F|  |TAMS 0x0000000086000000, 0x0000000086000000| Untracked 
|  97|0x0000000086100000, 0x0000000086100000, 0x0000000086200000|  0%| F|  |TAMS 0x0000000086100000, 0x0000000086100000| Untracked 
|  98|0x0000000086200000, 0x0000000086200000, 0x0000000086300000|  0%| F|  |TAMS 0x0000000086200000, 0x0000000086200000| Untracked 
|  99|0x0000000086300000, 0x0000000086300000, 0x0000000086400000|  0%| F|  |TAMS 0x0000000086300000, 0x0000000086300000| Untracked 
| 100|0x0000000086400000, 0x0000000086400000, 0x0000000086500000|  0%| F|  |TAMS 0x0000000086400000, 0x0000000086400000| Untracked 
| 101|0x0000000086500000, 0x0000000086500000, 0x0000000086600000|  0%| F|  |TAMS 0x0000000086500000, 0x0000000086500000| Untracked 
| 102|0x0000000086600000, 0x0000000086600000, 0x0000000086700000|  0%| F|  |TAMS 0x0000000086600000, 0x0000000086600000| Untracked 
| 103|0x0000000086700000, 0x0000000086700000, 0x0000000086800000|  0%| F|  |TAMS 0x0000000086700000, 0x0000000086700000| Untracked 
| 104|0x0000000086800000, 0x0000000086800000, 0x0000000086900000|  0%| F|  |TAMS 0x0000000086800000, 0x0000000086800000| Untracked 
| 105|0x0000000086900000, 0x0000000086900000, 0x0000000086a00000|  0%| F|  |TAMS 0x0000000086900000, 0x0000000086900000| Untracked 
| 106|0x0000000086a00000, 0x0000000086a00000, 0x0000000086b00000|  0%| F|  |TAMS 0x0000000086a00000, 0x0000000086a00000| Untracked 
| 107|0x0000000086b00000, 0x0000000086b00000, 0x0000000086c00000|  0%| F|  |TAMS 0x0000000086b00000, 0x0000000086b00000| Untracked 
| 108|0x0000000086c00000, 0x0000000086c00000, 0x0000000086d00000|  0%| F|  |TAMS 0x0000000086c00000, 0x0000000086c00000| Untracked 
| 109|0x0000000086d00000, 0x0000000086d00000, 0x0000000086e00000|  0%| F|  |TAMS 0x0000000086d00000, 0x0000000086d00000| Untracked 
| 110|0x0000000086e00000, 0x0000000086e00000, 0x0000000086f00000|  0%| F|  |TAMS 0x0000000086e00000, 0x0000000086e00000| Untracked 
| 111|0x0000000086f00000, 0x0000000086f00000, 0x0000000087000000|  0%| F|  |TAMS 0x0000000086f00000, 0x0000000086f00000| Untracked 
| 112|0x0000000087000000, 0x0000000087000000, 0x0000000087100000|  0%| F|  |TAMS 0x0000000087000000, 0x0000000087000000| Untracked 
| 113|0x0000000087100000, 0x0000000087100000, 0x0000000087200000|  0%| F|  |TAMS 0x0000000087100000, 0x0000000087100000| Untracked 
| 114|0x0000000087200000, 0x0000000087200000, 0x0000000087300000|  0%| F|  |TAMS 0x0000000087200000, 0x0000000087200000| Untracked 
| 115|0x0000000087300000, 0x0000000087300000, 0x0000000087400000|  0%| F|  |TAMS 0x0000000087300000, 0x0000000087300000| Untracked 
| 116|0x0000000087400000, 0x0000000087400000, 0x0000000087500000|  0%| F|  |TAMS 0x0000000087400000, 0x0000000087400000| Untracked 
| 117|0x0000000087500000, 0x0000000087500000, 0x0000000087600000|  0%| F|  |TAMS 0x0000000087500000, 0x0000000087500000| Untracked 
| 118|0x0000000087600000, 0x0000000087600000, 0x0000000087700000|  0%| F|  |TAMS 0x0000000087600000, 0x0000000087600000| Untracked 
| 119|0x0000000087700000, 0x0000000087700000, 0x0000000087800000|  0%| F|  |TAMS 0x0000000087700000, 0x0000000087700000| Untracked 
| 120|0x0000000087800000, 0x0000000087800000, 0x0000000087900000|  0%| F|  |TAMS 0x0000000087800000, 0x0000000087800000| Untracked 
| 121|0x0000000087900000, 0x0000000087976448, 0x0000000087a00000| 46%| E|  |TAMS 0x0000000087900000, 0x0000000087900000| Complete 
| 122|0x0000000087a00000, 0x0000000087b00000, 0x0000000087b00000|100%| E|CS|TAMS 0x0000000087a00000, 0x0000000087a00000| Complete 
| 123|0x0000000087b00000, 0x0000000087c00000, 0x0000000087c00000|100%| E|CS|TAMS 0x0000000087b00000, 0x0000000087b00000| Complete 
| 124|0x0000000087c00000, 0x0000000087d00000, 0x0000000087d00000|100%| E|CS|TAMS 0x0000000087c00000, 0x0000000087c00000| Complete 
| 125|0x0000000087d00000, 0x0000000087e00000, 0x0000000087e00000|100%| E|CS|TAMS 0x0000000087d00000, 0x0000000087d00000| Complete 
| 126|0x0000000087e00000, 0x0000000087f00000, 0x0000000087f00000|100%| E|  |TAMS 0x0000000087e00000, 0x0000000087e00000| Complete 
| 127|0x0000000087f00000, 0x0000000088000000, 0x0000000088000000|100%| E|CS|TAMS 0x0000000087f00000, 0x0000000087f00000| Complete 

Card table byte_map: [0x00000252b3650000,0x00000252b3a50000] _byte_map_base: 0x00000252b3250000

Marking Bits (Prev, Next): (CMBitMap*) 0x00000252a02a0ed0, (CMBitMap*) 0x00000252a02a0f10
 Prev Bits: [0x00000252b3e50000, 0x00000252b5e50000)
 Next Bits: [0x00000252b5e50000, 0x00000252b7e50000)

Polling page: 0x000002529fa00000

Metaspace:

Usage:
  Non-class:      8.72 MB used.
      Class:    974.10 KB used.
       Both:      9.67 MB used.

Virtual space:
  Non-class space:       64.00 MB reserved,       8.81 MB ( 14%) committed,  1 nodes.
      Class space:        1.00 GB reserved,       1.00 MB ( <1%) committed,  1 nodes.
             Both:        1.06 GB reserved,       9.81 MB ( <1%) committed. 

Chunk freelists:
   Non-Class:  6.99 MB
       Class:  15.01 MB
        Both:  22.00 MB

MaxMetaspaceSize: unlimited
CompressedClassSpaceSize: 1.00 GB
Initial GC threshold: 21.00 MB
Current GC threshold: 21.00 MB
CDS: off
MetaspaceReclaimPolicy: balanced
 - commit_granule_bytes: 65536.
 - commit_granule_words: 8192.
 - virtual_space_node_default_size: 8388608.
 - enlarge_chunks_in_place: 1.
 - new_chunks_are_fully_committed: 0.
 - uncommit_free_chunks: 1.
 - use_allocation_guard: 0.
 - handle_deallocations: 1.


Internal statistics:

num_allocs_failed_limit: 0.
num_arena_births: 64.
num_arena_deaths: 0.
num_vsnodes_births: 2.
num_vsnodes_deaths: 0.
num_space_committed: 157.
num_space_uncommitted: 0.
num_chunks_returned_to_freelist: 0.
num_chunks_taken_from_freelist: 120.
num_chunk_merges: 0.
num_chunk_splits: 64.
num_chunks_enlarged: 31.
num_inconsistent_stats: 0.

CodeHeap 'non-profiled nmethods': size=119168Kb used=152Kb max_used=152Kb free=119015Kb
 bounds [0x00000252ab550000, 0x00000252ab7c0000, 0x00000252b29b0000]
CodeHeap 'profiled nmethods': size=119104Kb used=830Kb max_used=830Kb free=118273Kb
 bounds [0x00000252a39b0000, 0x00000252a3c20000, 0x00000252aae00000]
CodeHeap 'non-nmethods': size=7488Kb used=2819Kb max_used=2835Kb free=4669Kb
 bounds [0x00000252aae00000, 0x00000252ab0d0000, 0x00000252ab550000]
 total_blobs=924 nmethods=509 adapters=325
 compilation: enabled
              stopped_count=0, restarted_count=0
 full_count=0

Compilation events (20 events):
Event: 0.291 Thread 0x00000252bb68a870  499       3       java.util.ArrayList$Itr::checkForComodification (23 bytes)
Event: 0.291 Thread 0x00000252bb68a870 nmethod 499 0x00000252a3a7c190 code [0x00000252a3a7c340, 0x00000252a3a7c508]
Event: 0.292 Thread 0x00000252bb68a870  500       3       java.lang.invoke.MethodHandleNatives::refKindIsField (32 bytes)
Event: 0.292 Thread 0x00000252bb68a870 nmethod 500 0x00000252a3a7c610 code [0x00000252a3a7c7a0, 0x00000252a3a7c8f8]
Event: 0.292 Thread 0x00000252bb09d9a0  501       4       java.util.Arrays::copyOfRange (64 bytes)
Event: 0.293 Thread 0x00000252bb09d9a0 nmethod 501 0x00000252ab573c90 code [0x00000252ab573e20, 0x00000252ab574118]
Event: 0.293 Thread 0x00000252bb274620  502       1       java.util.logging.LogManager$LoggerContext::getOwner (5 bytes)
Event: 0.293 Thread 0x00000252bb274620 nmethod 502 0x00000252ab574210 code [0x00000252ab5743a0, 0x00000252ab574478]
Event: 0.293 Thread 0x00000252bb274620  503       3       java.util.ArrayList$Itr::next (66 bytes)
Event: 0.294 Thread 0x00000252bb274620 nmethod 503 0x00000252a3a7c990 code [0x00000252a3a7cb80, 0x00000252a3a7cf48]
Event: 0.294 Thread 0x00000252bb274620  504       3       jdk.internal.org.objectweb.asm.Label::<init> (5 bytes)
Event: 0.294 Thread 0x00000252bb274620 nmethod 504 0x00000252a3a7d110 code [0x00000252a3a7d2a0, 0x00000252a3a7d3f8]
Event: 0.295 Thread 0x00000252bb09d9a0  505       4       java.lang.StringLatin1::newString (24 bytes)
Event: 0.297 Thread 0x00000252bb68ad90  507       3       java.lang.StringConcatHelper::simpleConcat (94 bytes)
Event: 0.297 Thread 0x00000252bb09e360  508       3       java.lang.StringConcatHelper::initialCoder (14 bytes)
Event: 0.297 Thread 0x00000252bb09e360 nmethod 508 0x00000252a3a7d490 code [0x00000252a3a7d620, 0x00000252a3a7d738]
Event: 0.297 Thread 0x00000252bb09d9a0 nmethod 505 0x00000252ab574990 code [0x00000252ab574b20, 0x00000252ab574f98]
Event: 0.297 Thread 0x00000252bb09e360  509       3       java.lang.invoke.DirectMethodHandle::internalMemberName (8 bytes)
Event: 0.298 Thread 0x00000252bb09e360 nmethod 509 0x00000252a3a7d790 code [0x00000252a3a7d920, 0x00000252a3a7daf8]
Event: 0.298 Thread 0x00000252bb68ad90 nmethod 507 0x00000252a3a7dc10 code [0x00000252a3a7df60, 0x00000252a3a7f448]

GC Heap History (0 events):
No events

Dll operation events (1 events):
Event: 0.006 Loaded shared library C:\Program Files\JetBrains\IntelliJ IDEA 2023.2.1\jbr\bin\java.dll

Deoptimization events (16 events):
Event: 0.123 Thread 0x000002529e23bfe0 Uncommon trap: trap_request=0xffffff45 fr.pc=0x00000252ab557b00 relative=0x0000000000000160
Event: 0.123 Thread 0x000002529e23bfe0 Uncommon trap: reason=unstable_if action=reinterpret pc=0x00000252ab557b00 method=java.util.zip.ZipFile$Source.isMetaName([BII)Z @ 3 c2
Event: 0.123 Thread 0x000002529e23bfe0 DEOPT PACKING pc=0x00000252ab557b00 sp=0x000000f5e5ffdf10
Event: 0.123 Thread 0x000002529e23bfe0 DEOPT UNPACKING pc=0x00000252aae569a3 sp=0x000000f5e5ffdeb8 mode 2
Event: 0.153 Thread 0x000002529e23bfe0 Uncommon trap: trap_request=0xffffff45 fr.pc=0x00000252ab5589c4 relative=0x0000000000000604
Event: 0.153 Thread 0x000002529e23bfe0 Uncommon trap: reason=unstable_if action=reinterpret pc=0x00000252ab5589c4 method=java.util.zip.ZipFile$Source.checkAndAddEntry(II)I @ 128 c2
Event: 0.153 Thread 0x000002529e23bfe0 DEOPT PACKING pc=0x00000252ab5589c4 sp=0x000000f5e5ffddf0
Event: 0.153 Thread 0x000002529e23bfe0 DEOPT UNPACKING pc=0x00000252aae569a3 sp=0x000000f5e5ffdd60 mode 2
Event: 0.153 Thread 0x000002529e23bfe0 Uncommon trap: trap_request=0xffffff45 fr.pc=0x00000252ab55730c relative=0x000000000000026c
Event: 0.153 Thread 0x000002529e23bfe0 Uncommon trap: reason=unstable_if action=reinterpret pc=0x00000252ab55730c method=java.util.zip.ZipCoder$UTF8ZipCoder.checkedHash([BII)I @ 75 c2
Event: 0.153 Thread 0x000002529e23bfe0 DEOPT PACKING pc=0x00000252ab55730c sp=0x000000f5e5ffdd30
Event: 0.153 Thread 0x000002529e23bfe0 DEOPT UNPACKING pc=0x00000252aae569a3 sp=0x000000f5e5ffdcc0 mode 2
Event: 0.153 Thread 0x000002529e23bfe0 Uncommon trap: trap_request=0xffffff45 fr.pc=0x00000252ab5593f8 relative=0x0000000000000158
Event: 0.153 Thread 0x000002529e23bfe0 Uncommon trap: reason=unstable_if action=reinterpret pc=0x00000252ab5593f8 method=java.util.zip.ZipFile$Source.isMetaName([BII)Z @ 15 c2
Event: 0.153 Thread 0x000002529e23bfe0 DEOPT PACKING pc=0x00000252ab5593f8 sp=0x000000f5e5ffde00
Event: 0.153 Thread 0x000002529e23bfe0 DEOPT UNPACKING pc=0x00000252aae569a3 sp=0x000000f5e5ffdda8 mode 2

Classes unloaded (0 events):
No events

Classes redefined (0 events):
No events

Internal exceptions (16 events):
Event: 0.182 Thread 0x000002529e23bfe0 Exception <a 'java/lang/NoSuchMethodError'{0x0000000087cc87e8}: 'java.lang.Object java.lang.invoke.DirectMethodHandle$Holder.invokeStatic(java.lang.Object, java.lang.Object, int)'> (0x0000000087cc87e8) 
thrown [s\src\hotspot\share\interpreter\linkResolver.cpp, line 771]
Event: 0.183 Thread 0x000002529e23bfe0 Exception <a 'java/lang/NoSuchMethodError'{0x0000000087cd45a8}: 'void java.lang.invoke.DelegatingMethodHandle$Holder.delegate(java.lang.Object, java.lang.Object, int, java.lang.Object)'> (0x0000000087cd45a8) 
thrown [s\src\hotspot\share\interpreter\linkResolver.cpp, line 771]
Event: 0.184 Thread 0x000002529e23bfe0 Exception <a 'java/lang/NoSuchMethodError'{0x0000000087cd87e8}: 'int java.lang.invoke.DirectMethodHandle$Holder.invokeSpecial(java.lang.Object, java.lang.Object, java.lang.Object)'> (0x0000000087cd87e8) 
thrown [s\src\hotspot\share\interpreter\linkResolver.cpp, line 771]
Event: 0.197 Thread 0x000002529e23bfe0 Exception <a 'java/lang/NoSuchMethodError'{0x0000000087b2f270}: 'void java.lang.invoke.DirectMethodHandle$Holder.invokeStatic(java.lang.Object, java.lang.Object, java.lang.Object)'> (0x0000000087b2f270) 
thrown [s\src\hotspot\share\interpreter\linkResolver.cpp, line 771]
Event: 0.201 Thread 0x000002529e23bfe0 Exception <a 'java/lang/NoSuchMethodError'{0x0000000087b3bbc0}: 'java.lang.Object java.lang.invoke.Invokers$Holder.invoke_MT(java.lang.Object, java.lang.Object, java.lang.Object)'> (0x0000000087b3bbc0) 
thrown [s\src\hotspot\share\interpreter\linkResolver.cpp, line 771]
Event: 0.204 Thread 0x000002529e23bfe0 Exception <a 'java/lang/NoSuchMethodError'{0x0000000087b4bff8}: 'void java.lang.invoke.DirectMethodHandle$Holder.invokeInterface(java.lang.Object, java.lang.Object, java.lang.Object)'> (0x0000000087b4bff8) 
thrown [s\src\hotspot\share\interpreter\linkResolver.cpp, line 771]
Event: 0.204 Thread 0x000002529e23bfe0 Exception <a 'java/lang/IncompatibleClassChangeError'{0x0000000087b4f458}: Found class java.lang.Object, but interface was expected> (0x0000000087b4f458) 
thrown [s\src\hotspot\share\interpreter\linkResolver.cpp, line 838]
Event: 0.204 Thread 0x000002529e23bfe0 Exception <a 'java/lang/IncompatibleClassChangeError'{0x0000000087b50970}: Found class java.lang.Object, but interface was expected> (0x0000000087b50970) 
thrown [s\src\hotspot\share\interpreter\linkResolver.cpp, line 838]
Event: 0.204 Thread 0x000002529e23bfe0 Exception <a 'java/lang/IncompatibleClassChangeError'{0x0000000087b518e8}: Found class java.lang.Object, but interface was expected> (0x0000000087b518e8) 
thrown [s\src\hotspot\share\interpreter\linkResolver.cpp, line 838]
Event: 0.204 Thread 0x000002529e23bfe0 Exception <a 'java/lang/IncompatibleClassChangeError'{0x0000000087b529c0}: Found class java.lang.Object, but interface was expected> (0x0000000087b529c0) 
thrown [s\src\hotspot\share\interpreter\linkResolver.cpp, line 838]
Event: 0.204 Thread 0x000002529e23bfe0 Exception <a 'java/lang/IncompatibleClassChangeError'{0x0000000087b53e80}: Found class java.lang.Object, but interface was expected> (0x0000000087b53e80) 
thrown [s\src\hotspot\share\interpreter\linkResolver.cpp, line 838]
Event: 0.205 Thread 0x000002529e23bfe0 Exception <a 'java/lang/NoSuchMethodError'{0x0000000087b56b50}: 'void java.lang.invoke.DirectMethodHandle$Holder.invokeStatic(java.lang.Object, java.lang.Object)'> (0x0000000087b56b50) 
thrown [s\src\hotspot\share\interpreter\linkResolver.cpp, line 771]
Event: 0.205 Thread 0x000002529e23bfe0 Exception <a 'java/lang/NoSuchMethodError'{0x0000000087b5a1c0}: 'void java.lang.invoke.DirectMethodHandle$Holder.invokeStaticInit(java.lang.Object, java.lang.Object)'> (0x0000000087b5a1c0) 
thrown [s\src\hotspot\share\interpreter\linkResolver.cpp, line 771]
Event: 0.221 Thread 0x000002529e23bfe0 Exception <a 'java/lang/NoSuchMethodError'{0x0000000087b6cd80}: 'java.lang.Object java.lang.invoke.DirectMethodHandle$Holder.invokeStaticInit(java.lang.Object)'> (0x0000000087b6cd80) 
thrown [s\src\hotspot\share\interpreter\linkResolver.cpp, line 771]
Event: 0.249 Thread 0x000002529e23bfe0 Exception <a 'java/lang/NoSuchMethodError'{0x0000000087bff310}: 'java.lang.Object java.lang.invoke.DirectMethodHandle$Holder.invokeStaticInit(java.lang.Object, int, int, int, int)'> (0x0000000087bff310) 
thrown [s\src\hotspot\share\interpreter\linkResolver.cpp, line 771]
Event: 0.288 Thread 0x000002529e23bfe0 Exception <a 'java/lang/NoSuchMethodError'{0x0000000087ad6f20}: 'java.lang.Object java.lang.invoke.DirectMethodHandle$Holder.invokeStaticInit(java.lang.Object, java.lang.Object, int, int, int, int)'> (0x0000000087ad6f20) 
thrown [s\src\hotspot\share\interpreter\linkResolver.cpp, line 771]

VM Operations (6 events):
Event: 0.128 Executing VM operation: HandshakeAllThreads
Event: 0.128 Executing VM operation: HandshakeAllThreads done
Event: 0.167 Executing VM operation: HandshakeAllThreads
Event: 0.167 Executing VM operation: HandshakeAllThreads done
Event: 0.210 Executing VM operation: HandshakeAllThreads
Event: 0.210 Executing VM operation: HandshakeAllThreads done

Events (20 events):
Event: 0.296 loading class java/rmi/server/Operation done
Event: 0.296 loading class sun/rmi/registry/RegistryImpl_Skel
Event: 0.296 loading class java/rmi/server/Skeleton
Event: 0.296 loading class java/rmi/server/Skeleton done
Event: 0.296 loading class sun/rmi/registry/RegistryImpl_Skel done
Event: 0.296 loading class sun/rmi/transport/Target
Event: 0.296 loading class sun/rmi/transport/Target done
Event: 0.296 loading class sun/rmi/transport/WeakRef
Event: 0.296 loading class sun/rmi/transport/WeakRef done
Event: 0.296 loading class sun/rmi/transport/ObjectTable
Event: 0.296 loading class sun/rmi/transport/ObjectTable done
Event: 0.296 loading class sun/rmi/transport/DGCImpl
Event: 0.296 loading class java/rmi/dgc/DGC
Event: 0.296 loading class java/rmi/dgc/DGC done
Event: 0.297 loading class sun/rmi/transport/DGCImpl done
Event: 0.297 loading class sun/rmi/runtime/RuntimeUtil$GetInstanceAction
Event: 0.297 loading class sun/rmi/runtime/RuntimeUtil$GetInstanceAction done
Event: 0.297 loading class sun/rmi/runtime/RuntimeUtil
Event: 0.297 loading class sun/rmi/runtime/RuntimeUtil done
Event: 0.298 loading class java/util/concurrent/ScheduledThreadPoolExecutor


Dynamic libraries:
0x00007ff743780000 - 0x00007ff74378a000 	C:\Program Files\JetBrains\IntelliJ IDEA 2023.2.1\jbr\bin\java.exe
0x00007ff98fb10000 - 0x00007ff98fd08000 	C:\Windows\SYSTEM32\ntdll.dll
0x00007ff98eeb0000 - 0x00007ff98ef6d000 	C:\Windows\System32\KERNEL32.DLL
0x00007ff98d5c0000 - 0x00007ff98d8b6000 	C:\Windows\System32\KERNELBASE.dll
0x00007ff98d990000 - 0x00007ff98da90000 	C:\Windows\System32\ucrtbase.dll
0x00007ff981730000 - 0x00007ff98174b000 	C:\Program Files\JetBrains\IntelliJ IDEA 2023.2.1\jbr\bin\VCRUNTIME140.dll
0x00007ff97f580000 - 0x00007ff97f597000 	C:\Program Files\JetBrains\IntelliJ IDEA 2023.2.1\jbr\bin\jli.dll
0x00007ff98de90000 - 0x00007ff98e02e000 	C:\Windows\System32\USER32.dll
0x00007ff98d960000 - 0x00007ff98d982000 	C:\Windows\System32\win32u.dll
0x00007ff981d20000 - 0x00007ff981fba000 	C:\Windows\WinSxS\amd64_microsoft.windows.common-controls_6595b64144ccf1df_6.0.19041.3636_none_60b6a03d71f818d5\COMCTL32.dll
0x00007ff98dc00000 - 0x00007ff98dc2b000 	C:\Windows\System32\GDI32.dll
0x00007ff98dd60000 - 0x00007ff98ddfe000 	C:\Windows\System32\msvcrt.dll
0x00007ff98d330000 - 0x00007ff98d447000 	C:\Windows\System32\gdi32full.dll
0x00007ff98d8c0000 - 0x00007ff98d95d000 	C:\Windows\System32\msvcp_win.dll
0x00007ff98e030000 - 0x00007ff98e062000 	C:\Windows\System32\IMM32.DLL
0x00007ff989890000 - 0x00007ff98989c000 	C:\Program Files\JetBrains\IntelliJ IDEA 2023.2.1\jbr\bin\vcruntime140_1.dll
0x00007ff9470d0000 - 0x00007ff94715d000 	C:\Program Files\JetBrains\IntelliJ IDEA 2023.2.1\jbr\bin\msvcp140.dll
0x00007ff8e8270000 - 0x00007ff8e8ef3000 	C:\Program Files\JetBrains\IntelliJ IDEA 2023.2.1\jbr\bin\server\jvm.dll
0x00007ff98f940000 - 0x00007ff98f9f3000 	C:\Windows\System32\ADVAPI32.dll
0x00007ff98efb0000 - 0x00007ff98f04f000 	C:\Windows\System32\sechost.dll
0x00007ff98f810000 - 0x00007ff98f936000 	C:\Windows\System32\RPCRT4.dll
0x00007ff98d4e0000 - 0x00007ff98d507000 	C:\Windows\System32\bcrypt.dll
0x00007ff972d90000 - 0x00007ff972d99000 	C:\Windows\SYSTEM32\WSOCK32.dll
0x00007ff98cc50000 - 0x00007ff98cc9b000 	C:\Windows\SYSTEM32\POWRPROF.dll
0x00007ff98afc0000 - 0x00007ff98afe7000 	C:\Windows\SYSTEM32\WINMM.dll
0x00007ff981a60000 - 0x00007ff981a6a000 	C:\Windows\SYSTEM32\VERSION.dll
0x00007ff98e250000 - 0x00007ff98e2bb000 	C:\Windows\System32\WS2_32.dll
0x00007ff98cbc0000 - 0x00007ff98cbd2000 	C:\Windows\SYSTEM32\UMPDC.dll
0x00007ff98b9d0000 - 0x00007ff98b9e2000 	C:\Windows\SYSTEM32\kernel.appcore.dll
0x00007ff9819d0000 - 0x00007ff9819da000 	C:\Program Files\JetBrains\IntelliJ IDEA 2023.2.1\jbr\bin\jimage.dll
0x00007ff98add0000 - 0x00007ff98afb4000 	C:\Windows\SYSTEM32\DBGHELP.DLL
0x00007ff98ad90000 - 0x00007ff98adc4000 	C:\Windows\SYSTEM32\dbgcore.DLL
0x00007ff98d450000 - 0x00007ff98d4d2000 	C:\Windows\System32\bcryptPrimitives.dll
0x00007ff980cd0000 - 0x00007ff980cf5000 	C:\Program Files\JetBrains\IntelliJ IDEA 2023.2.1\jbr\bin\java.dll
0x00007ff980cb0000 - 0x00007ff980cc8000 	C:\Program Files\JetBrains\IntelliJ IDEA 2023.2.1\jbr\bin\zip.dll
0x00007ff98e700000 - 0x00007ff98ee45000 	C:\Windows\System32\SHELL32.dll
0x00007ff98b220000 - 0x00007ff98b9bc000 	C:\Windows\SYSTEM32\windows.storage.dll
0x00007ff98e3a0000 - 0x00007ff98e6f4000 	C:\Windows\System32\combase.dll
0x00007ff98cab0000 - 0x00007ff98cade000 	C:\Windows\SYSTEM32\Wldp.dll
0x00007ff98fa00000 - 0x00007ff98facd000 	C:\Windows\System32\OLEAUT32.dll
0x00007ff98db50000 - 0x00007ff98dbfd000 	C:\Windows\System32\SHCORE.dll
0x00007ff98f600000 - 0x00007ff98f655000 	C:\Windows\System32\shlwapi.dll
0x00007ff98d100000 - 0x00007ff98d125000 	C:\Windows\SYSTEM32\profapi.dll
0x00007ff97f7d0000 - 0x00007ff97f7e9000 	C:\Program Files\JetBrains\IntelliJ IDEA 2023.2.1\jbr\bin\net.dll
0x00007ff987b20000 - 0x00007ff987c2a000 	C:\Windows\SYSTEM32\WINHTTP.dll
0x00007ff98c830000 - 0x00007ff98c89a000 	C:\Windows\system32\mswsock.dll
0x00007ff97f6e0000 - 0x00007ff97f6f6000 	C:\Program Files\JetBrains\IntelliJ IDEA 2023.2.1\jbr\bin\nio.dll
0x00007ff98c540000 - 0x00007ff98c57b000 	C:\Windows\SYSTEM32\IPHLPAPI.DLL
0x00007ff98f050000 - 0x00007ff98f058000 	C:\Windows\System32\NSI.dll
0x00007ff986540000 - 0x00007ff986557000 	C:\Windows\SYSTEM32\dhcpcsvc6.DLL
0x00007ff9862d0000 - 0x00007ff9862ed000 	C:\Windows\SYSTEM32\dhcpcsvc.DLL
0x00007ff98c580000 - 0x00007ff98c64b000 	C:\Windows\SYSTEM32\DNSAPI.dll
0x00007ff98caf0000 - 0x00007ff98cb08000 	C:\Windows\SYSTEM32\CRYPTSP.dll
0x00007ff98c180000 - 0x00007ff98c1b4000 	C:\Windows\system32\rsaenh.dll
0x00007ff98d0c0000 - 0x00007ff98d0ee000 	C:\Windows\SYSTEM32\USERENV.dll
0x00007ff98c9c0000 - 0x00007ff98c9cc000 	C:\Windows\SYSTEM32\CRYPTBASE.dll

dbghelp: loaded successfully - version: 4.0.5 - missing functions: none
symbol engine: initialized successfully - sym options: 0x614 - pdb path: .;C:\Program Files\JetBrains\IntelliJ IDEA 2023.2.1\jbr\bin;C:\Windows\SYSTEM32;C:\Windows\WinSxS\amd64_microsoft.windows.common-controls_6595b64144ccf1df_6.0.19041.3636_none_60b6a03d71f818d5;C:\Program Files\JetBrains\IntelliJ IDEA 2023.2.1\jbr\bin\server

VM Arguments:
jvm_args: -Djava.rmi.server.hostname=127.0.0.1 -Duser.timezone=UTC -Xmx2048m -Xms128m -Djna.boot.library.path=C:\Program Files\JetBrains\IntelliJ IDEA 2023.2.1/lib/jna/amd64 -Djna.nosys=true -Djna.noclasspath=true -Djdbc.classpath=C:\Program Files\JetBrains\IntelliJ IDEA 2023.2.1\plugins\DatabaseTools\lib\jdbc-console.jar;C:\Users\Mihai\AppData\Roaming\JetBrains\IntelliJIdea2023.2\jdbc-drivers\MySQL ConnectorJ\8.0.25\mysql-connector-java-8.0.25.jar --add-exports=java.desktop/sun.awt=ALL-UNNAMED --add-exports=java.desktop/java.awt.peer=ALL-UNNAMED --add-opens=java.desktop/java.awt=ALL-UNNAMED --add-opens=jdk.unsupported/sun.misc=ALL-UNNAMED --add-opens=java.base/java.nio=ALL-UNNAMED --add-opens=java.base/java.util=ALL-UNNAMED -Dfile.encoding=UTF-8 
java_command: com.intellij.database.remote.RemoteJdbcServer com.mysql.cj.jdbc.Driver
java_class_path (initial): C:\Program Files\JetBrains\IntelliJ IDEA 2023.2.1\lib\util_rt.jar;C:\Program Files\JetBrains\IntelliJ IDEA 2023.2.1\lib\util-8.jar;C:\Program Files\JetBrains\IntelliJ IDEA 2023.2.1\lib\groovy.jar;C:\Program Files\JetBrains\IntelliJ IDEA 2023.2.1\plugins\DatabaseTools\lib\jdbc-console.jar;C:\Program Files\JetBrains\IntelliJ IDEA 2023.2.1\plugins\grid-core-impl\lib\jdbc-console-types.jar;C:\Program Files\JetBrains\IntelliJ IDEA 2023.2.1\lib\util.jar;C:\Program Files\JetBrains\IntelliJ IDEA 2023.2.1\lib\bouncy-castle.jar
Launcher Type: SUN_STANDARD

[Global flags]
     intx CICompilerCount                          = 12                                        {product} {ergonomic}
     uint ConcGCThreads                            = 3                                         {product} {ergonomic}
     uint G1ConcRefinementThreads                  = 13                                        {product} {ergonomic}
   size_t G1HeapRegionSize                         = 1048576                                   {product} {ergonomic}
    uintx GCDrainStackTargetSize                   = 64                                        {product} {ergonomic}
   size_t InitialHeapSize                          = 134217728                                 {product} {command line}
   size_t MarkStackSize                            = 4194304                                   {product} {ergonomic}
   size_t MaxHeapSize                              = 2147483648                                {product} {command line}
   size_t MaxNewSize                               = 1287651328                                {product} {ergonomic}
   size_t MinHeapDeltaBytes                        = 1048576                                   {product} {ergonomic}
   size_t MinHeapSize                              = 134217728                                 {product} {command line}
    uintx NonNMethodCodeHeapSize                   = 7602480                                {pd product} {ergonomic}
    uintx NonProfiledCodeHeapSize                  = 122027880                              {pd product} {ergonomic}
    uintx ProfiledCodeHeapSize                     = 122027880                              {pd product} {ergonomic}
    uintx ReservedCodeCacheSize                    = 251658240                              {pd product} {ergonomic}
     bool SegmentedCodeCache                       = true                                      {product} {ergonomic}
   size_t SoftMaxHeapSize                          = 2147483648                             {manageable} {ergonomic}
     bool UseCompressedClassPointers               = true                           {product lp64_product} {ergonomic}
     bool UseCompressedOops                        = true                           {product lp64_product} {ergonomic}
     bool UseG1GC                                  = true                                      {product} {ergonomic}
     bool UseLargePagesIndividualAllocation        = false                                  {pd product} {ergonomic}

Logging:
Log output configuration:
 #0: stdout all=warning uptime,level,tags
 #1: stderr all=off uptime,level,tags

Environment Variables:
PATH=C:\Program Files\ImageMagick-7.1.1-Q16-HDRI;C:\Python 3.11\Scripts\;C:\Python 3.11\;C:\Program Files\Common Files\Oracle\Java\javapath;C:\Python310\Scripts\;C:\Python310\;C:\Windows\system32;C:\Windows;C:\Windows\System32\Wbem;C:\Windows\System32\WindowsPowerShell\v1.0\;C:\Windows\System32\OpenSSH\;C:\Program Files\Microsoft VS Code\bin;C:\PROGRA~2\Aldec\ACTIVE~1.3\BIN;C:\ProgramData\chocolatey\bin;C:\Program Files\TortoiseGit\bin;C:\Program Files\nodejs\;C:\Program Files\Microsoft SQL Server\150\Tools\Binn\;C:\Program Files\Microsoft SQL Server\Client SDK\ODBC\170\Tools\Binn\;C:\Program Files\dotnet\;C:\Program Files\PuTTY\;C:\Program Files\CMake\bin;C:\Program Files\Maven\apache-maven-3.9.5\bin;C:\Program Files\Git\cmd;C:\Program Files\JetBrains\IntelliJ IDEA 2023.2.1\bin;C:\ProgramData\anaconda3\_conda.exe;;C:\Program Files\Docker\Docker\resources\bin;C:\Python 3.11\Scripts\;C:\Python 3.11\;C:\Program Files\Common Files\Oracle\Java\javapath;C:\Python310\Scripts\;C:\Python310\;C:\Windows\system32;C:\Windows;C:\Windows\System32\Wbem;C:\Windows\System32\WindowsPowerShell\v1.0\;C:\Windows\System32\OpenSSH\;C:\Program Files\Microsoft VS Code\bin;C:\PROGRA~2\Aldec\ACTIVE~1.3\BIN;C:\ProgramData\chocolatey\bin;C:\Program Files\Git\cmd;C:\Program Files\TortoiseGit\bin;C:\Program Files\nodejs\;C:\Program Files\Microsoft SQL Server\150\Tools\Binn\;C:\Program Files\Microsoft SQL Server\Client SDK\ODBC\170\Tools\Binn\;C:\Program Files\dotnet\;C:\Program Files\PuTTY\;C:\Program Files\CMake\bin;C:\Program Files (x86)\Elm\0.19.1\bin;C:\Users\Mihai\AppData\Local\Microsoft\WindowsApps;C:\Users\Mihai\AppData\Local\GitHubDesktop\bin;C:\Program Files\JetBrains\IntelliJ IDEA 2023.2.1\bin;C:\Program Files\JetBrains\DataGrip 2022.2.5\bin;C:\Users\Mihai\AppData\Roaming\npm;C:\Users\Mihai\.dotnet\tools;C:\Program Files\JetBrains\WebStorm 2023.2.1\bin;C:\Program Files\JetBrains\PyCh;C:\ghcup\bin;C:\Program Files\JetBrains\DataSpell 2023.3.3\bin;;C:\ProgramData\anaconda3\_conda.exe;
USERNAME=Mihai
OS=Windows_NT
PROCESSOR_IDENTIFIER=AMD64 Family 25 Model 80 Stepping 0, AuthenticAMD
TMP=C:\Users\Mihai\AppData\Local\Temp
TEMP=C:\Users\Mihai\AppData\Local\Temp


JNI global refs:
JNI global refs: 23, weak refs: 0

JNI global refs memory usage: 843, weak refs: 209

OOME stack traces (most recent first):
Classloader memory used:
Loader bootstrap                                                                       : 1210K
Loader jdk.internal.loader.ClassLoaders$AppClassLoader                                 : 16925B
Loader jdk.internal.loader.ClassLoaders$PlatformClassLoader                            : 6020B
Loader com.intellij.database.remote.jdbc.impl.JdbcClassLoader$JdbcClassLoaderImpl      : 4423B


---------------  S Y S T E M  ---------------

OS:
 Windows 10 , 64 bit Build 19041 (10.0.19041.3636)
OS uptime: 0 days 0:06 hours
Hyper-V role detected

CPU: total 16 (initial active 16) (16 cores per cpu, 2 threads per core) family 25 model 80 stepping 0 microcode 0x0, cx8, cmov, fxsr, ht, mmx, 3dnowpref, sse, sse2, sse3, ssse3, sse4a, sse4.1, sse4.2, popcnt, lzcnt, tsc, tscinvbit, avx, avx2, aes, erms, clmul, bmi1, bmi2, adx, sha, fma, vzeroupper, clflush, clflushopt, hv
Processor Information for all 16 processors :
  Max Mhz: 3201, Current Mhz: 3201, Mhz Limit: 3201

Memory: 4k page, system-wide physical 7583M (529M free)
TotalPageFile size 15775M (AvailPageFile size 3M)
current process WorkingSet (physical memory assigned to process): 54M, peak: 54M
current process commit charge ("private bytes"): 227M, peak: 228M

vm_info: OpenJDK 64-Bit Server VM (17.0.8+7-b1000.8) for windows-amd64 JRE (17.0.8+7-b1000.8), built on 2023-08-04 by "builduser" with MS VC++ 16.10 / 16.11 (VS2019)

END.
